<?xml version="1.0" encoding="UTF-8"?>
<!-- Generated by org.testng.reporters.JUnitReportReporter -->
<testsuite hostname="DESKTOP-R6MOV7Q" failures="0" tests="1" name="runner.TestRunner" time="10.411" errors="0" timestamp="2025-07-30T13:34:46 IST" skipped="0">
  <testcase classname="runner.TestRunner" name="runScenario" time="10.411"/>
</testsuite> <!-- runner.TestRunner -->
