<?xml version="1.0" encoding="UTF-8"?>
<!-- Generated by org.testng.reporters.JUnitReportReporter -->
<testsuite hostname="DESKTOP-R6MOV7Q" failures="0" tests="6" name="runner.TestRunner" time="62.540" errors="0" timestamp="2025-06-25T16:09:21 IST" skipped="0">
  <testcase classname="runner.TestRunner" name="runScenario" time="9.218"/>
  <testcase classname="runner.TestRunner" name="runScenario" time="11.468"/>
  <testcase classname="runner.TestRunner" name="runScenario" time="6.932"/>
  <testcase classname="runner.TestRunner" name="runScenario" time="9.318"/>
  <testcase classname="runner.TestRunner" name="runScenario" time="8.395"/>
  <testcase classname="runner.TestRunner" name="runScenario" time="17.209"/>
</testsuite> <!-- runner.TestRunner -->
