<?xml version="1.0" encoding="UTF-8"?>
<!-- Generated by org.testng.reporters.JUnitReportReporter -->
<testsuite hostname="DESKTOP-R6MOV7Q" failures="0" tests="6" name="runner.TestRunner" time="58.879" errors="0" timestamp="2025-06-25T16:13:56 IST" skipped="0">
  <testcase classname="runner.TestRunner" name="runScenario" time="16.861"/>
  <testcase classname="runner.TestRunner" name="runScenario" time="8.424"/>
  <testcase classname="runner.TestRunner" name="runScenario" time="8.224"/>
  <testcase classname="runner.TestRunner" name="runScenario" time="8.590"/>
  <testcase classname="runner.TestRunner" name="runScenario" time="9.154"/>
  <testcase classname="runner.TestRunner" name="runScenario" time="7.626"/>
</testsuite> <!-- runner.TestRunner -->
