<?xml version="1.0" encoding="UTF-8"?>
<!-- Generated by org.testng.reporters.JUnitReportReporter -->
<testsuite hostname="DESKTOP-R6MOV7Q" failures="0" tests="1" name="runner.TestRunner" time="10.504" errors="0" timestamp="2025-07-29T15:02:17 IST" skipped="0">
  <testcase classname="runner.TestRunner" name="runScenario" time="10.504"/>
</testsuite> <!-- runner.TestRunner -->
