<?xml version="1.0" encoding="UTF-8"?>
<!-- Generated by org.testng.reporters.JUnitReportReporter -->
<testsuite hostname="DESKTOP-R6MOV7Q" failures="0" tests="6" name="runner.TestRunner" time="62.245" errors="0" timestamp="2025-07-30T15:36:54 IST" skipped="0">
  <testcase classname="runner.TestRunner" name="runScenario" time="7.621"/>
  <testcase classname="runner.TestRunner" name="runScenario" time="8.379"/>
  <testcase classname="runner.TestRunner" name="runScenario" time="9.266"/>
  <testcase classname="runner.TestRunner" name="runScenario" time="11.405"/>
  <testcase classname="runner.TestRunner" name="runScenario" time="16.576"/>
  <testcase classname="runner.TestRunner" name="runScenario" time="8.998"/>
</testsuite> <!-- runner.TestRunner -->
